This file contains any messages produced by compilers while
running configure, to aid debugging if configure makes a mistake.

It was created by iperf configure 3.13, which was
generated by GNU Autoconf 2.71.  Invocation command line was

  $ ./configure --no-create --no-recursion

## --------- ##
## Platform. ##
## --------- ##

hostname = ip-192-168-3-79.us-west-2.compute.internal
uname -m = x86_64
uname -r = 3.10.0-1160.66.1.el7.x86_64
uname -s = Linux
uname -v = #1 SMP Wed May 18 16:02:34 UTC 2022

/usr/bin/uname -p = x86_64
/bin/uname -X     = unknown

/bin/arch              = x86_64
/usr/bin/arch -k       = unknown
/usr/convex/getsysinfo = unknown
/usr/bin/hostinfo      = unknown
/bin/machine           = unknown
/usr/bin/oslevel       = unknown
/bin/universe          = unknown

PATH: /sbin/
PATH: /bin/
PATH: /usr/sbin/
PATH: /usr/bin/


## ----------- ##
## Core tests. ##
## ----------- ##

configure:2438: looking for aux files: compile config.guess config.sub ltmain.sh missing install-sh
configure:2451:  trying ./config/
configure:2480:   ./config/compile found
configure:2480:   ./config/config.guess found
configure:2480:   ./config/config.sub found
configure:2480:   ./config/ltmain.sh found
configure:2480:   ./config/missing found
configure:2462:   ./config/install-sh found
configure:2707: checking for a BSD-compatible install
configure:2780: result: /bin/install -c
configure:2791: checking whether build environment is sane
configure:2846: result: yes
configure:3005: checking for a race-free mkdir -p
configure:3049: result: /bin/mkdir -p
configure:3056: checking for gawk
configure:3077: found /bin/gawk
configure:3088: result: gawk
configure:3099: checking whether make sets $(MAKE)
configure:3122: result: yes
configure:3152: checking whether make supports nested variables
configure:3170: result: yes
configure:3318: checking whether make supports nested variables
configure:3336: result: yes
configure:3379: checking build system type
configure:3394: result: x86_64-pc-linux-gnu
configure:3414: checking host system type
configure:3428: result: x86_64-pc-linux-gnu
configure:3469: checking how to print strings
configure:3496: result: printf
configure:3530: checking whether make supports the include directive
configure:3545: make -f confmf.GNU && cat confinc.out
make[1]: Entering directory '/home/centos/feh_workspace/firesim-sIOPMP/target-design/chipyard/software/firemarshal/boards/firechip/base-workloads/br-base/penglai_rootfs/home/root/iperf'
make[1]: Leaving directory '/home/centos/feh_workspace/firesim-sIOPMP/target-design/chipyard/software/firemarshal/boards/firechip/base-workloads/br-base/penglai_rootfs/home/root/iperf'
this is the am__doit target
configure:3548: $? = 0
configure:3567: result: yes (GNU style)
configure:3643: checking for gcc
configure:3664: found /bin/gcc
configure:3675: result: gcc
configure:4028: checking for C compiler version
configure:4037: gcc --version >&5
gcc (GCC) 4.8.5 20150623 (Red Hat 4.8.5-44)
Copyright (C) 2015 Free Software Foundation, Inc.
This is free software; see the source for copying conditions.  There is NO
warranty; not even for MERCHANTABILITY or FITNESS FOR A PARTICULAR PURPOSE.

configure:4048: $? = 0
configure:4037: gcc -v >&5
Using built-in specs.
COLLECT_GCC=gcc
COLLECT_LTO_WRAPPER=/usr/libexec/gcc/x86_64-redhat-linux/4.8.5/lto-wrapper
Target: x86_64-redhat-linux
Configured with: ../configure --prefix=/usr --mandir=/usr/share/man --infodir=/usr/share/info --with-bugurl=http://bugzilla.redhat.com/bugzilla --enable-bootstrap --enable-shared --enable-threads=posix --enable-checking=release --with-system-zlib --enable-__cxa_atexit --disable-libunwind-exceptions --enable-gnu-unique-object --enable-linker-build-id --with-linker-hash-style=gnu --enable-languages=c,c++,objc,obj-c++,java,fortran,ada,go,lto --enable-plugin --enable-initfini-array --disable-libgcj --with-isl=/builddir/build/BUILD/gcc-4.8.5-20150702/obj-x86_64-redhat-linux/isl-install --with-cloog=/builddir/build/BUILD/gcc-4.8.5-20150702/obj-x86_64-redhat-linux/cloog-install --enable-gnu-indirect-function --with-tune=generic --with-arch_32=x86-64 --build=x86_64-redhat-linux
Thread model: posix
gcc version 4.8.5 20150623 (Red Hat 4.8.5-44) (GCC) 
configure:4048: $? = 0
configure:4037: gcc -V >&5
gcc: error: unrecognized command line option '-V'
gcc: fatal error: no input files
compilation terminated.
configure:4048: $? = 4
configure:4037: gcc -qversion >&5
gcc: error: unrecognized command line option '-qversion'
gcc: fatal error: no input files
compilation terminated.
configure:4048: $? = 4
configure:4037: gcc -version >&5
gcc: error: unrecognized command line option '-version'
gcc: fatal error: no input files
compilation terminated.
configure:4048: $? = 4
configure:4068: checking whether the C compiler works
configure:4090: gcc    conftest.c  >&5
configure:4094: $? = 0
configure:4144: result: yes
configure:4147: checking for C compiler default output file name
configure:4149: result: a.out
configure:4155: checking for suffix of executables
configure:4162: gcc -o conftest    conftest.c  >&5
configure:4166: $? = 0
configure:4189: result: 
configure:4211: checking whether we are cross compiling
configure:4219: gcc -o conftest    conftest.c  >&5
configure:4223: $? = 0
configure:4230: ./conftest
configure:4234: $? = 0
configure:4249: result: no
configure:4254: checking for suffix of object files
configure:4277: gcc -c   conftest.c >&5
configure:4281: $? = 0
configure:4303: result: o
configure:4307: checking whether the compiler supports GNU C
configure:4327: gcc -c   conftest.c >&5
configure:4327: $? = 0
configure:4337: result: yes
configure:4348: checking whether gcc accepts -g
configure:4369: gcc -c -g  conftest.c >&5
configure:4369: $? = 0
configure:4413: result: yes
configure:4433: checking for gcc option to enable C11 features
configure:4448: gcc  -c -g -O2  conftest.c >&5
conftest.c:63:3: error: #error "Compiler does not advertise C99 conformance"
 # error "Compiler does not advertise C99 conformance"
   ^
conftest.c:118:29: error: expected ';', ',' or ')' before 'text'
 test_restrict (ccp restrict text)
                             ^
conftest.c:167:3: error: #error "Compiler does not advertise C11 conformance"
 # error "Compiler does not advertise C11 conformance"
   ^
conftest.c:198:12: error: 'syntax' undeclared here (not in a function)
 #define u8 syntax error!
            ^
conftest.c:199:29: note: in expansion of macro 'u8'
 char const utf8_literal[] = u8"happens to be ASCII" "another string";
                             ^
conftest.c:198:19: error: expected ',' or ';' before 'error'
 #define u8 syntax error!
                   ^
conftest.c:199:29: note: in expansion of macro 'u8'
 char const utf8_literal[] = u8"happens to be ASCII" "another string";
                             ^
conftest.c: In function 'main':
conftest.c:232:18: error: expected '=', ',', ';', 'asm' or '__attribute__' before 'newvar'
   char *restrict newvar = "Another string";
                  ^
conftest.c:232:18: error: 'newvar' undeclared (first use in this function)
conftest.c:232:18: note: each undeclared identifier is reported only once for each function it appears in
conftest.c:242:3: error: 'for' loop initial declarations are only allowed in C99 mode
   for (int i = 0; i < ia->datasize; ++i)
   ^
conftest.c:242:3: note: use option -std=c99 or -std=gnu99 to compile your code
configure:4448: $? = 1
configure: failed program was:
| /* confdefs.h */
| #define PACKAGE_NAME "iperf"
| #define PACKAGE_TARNAME "iperf"
| #define PACKAGE_VERSION "3.13"
| #define PACKAGE_STRING "iperf 3.13"
| #define PACKAGE_BUGREPORT "https://github.com/esnet/iperf"
| #define PACKAGE_URL "https://software.es.net/iperf/"
| #define PACKAGE "iperf"
| #define VERSION "3.13"
| /* end confdefs.h.  */
| 
| /* Does the compiler advertise C89 conformance?
|    Do not test the value of __STDC__, because some compilers set it to 0
|    while being otherwise adequately conformant. */
| #if !defined __STDC__
| # error "Compiler does not advertise C89 conformance"
| #endif
| 
| #include <stddef.h>
| #include <stdarg.h>
| struct stat;
| /* Most of the following tests are stolen from RCS 5.7 src/conf.sh.  */
| struct buf { int x; };
| struct buf * (*rcsopen) (struct buf *, struct stat *, int);
| static char *e (p, i)
|      char **p;
|      int i;
| {
|   return p[i];
| }
| static char *f (char * (*g) (char **, int), char **p, ...)
| {
|   char *s;
|   va_list v;
|   va_start (v,p);
|   s = g (p, va_arg (v,int));
|   va_end (v);
|   return s;
| }
| 
| /* OSF 4.0 Compaq cc is some sort of almost-ANSI by default.  It has
|    function prototypes and stuff, but not \xHH hex character constants.
|    These do not provoke an error unfortunately, instead are silently treated
|    as an "x".  The following induces an error, until -std is added to get
|    proper ANSI mode.  Curiously \x00 != x always comes out true, for an
|    array size at least.  It is necessary to write \x00 == 0 to get something
|    that is true only with -std.  */
| int osf4_cc_array ['\x00' == 0 ? 1 : -1];
| 
| /* IBM C 6 for AIX is almost-ANSI by default, but it replaces macro parameters
|    inside strings and character constants.  */
| #define FOO(x) 'x'
| int xlc6_cc_array[FOO(a) == 'x' ? 1 : -1];
| 
| int test (int i, double x);
| struct s1 {int (*f) (int a);};
| struct s2 {int (*f) (double a);};
| int pairnames (int, char **, int *(*)(struct buf *, struct stat *, int),
|                int, int);
| 
| // Does the compiler advertise C99 conformance?
| #if !defined __STDC_VERSION__ || __STDC_VERSION__ < 199901L
| # error "Compiler does not advertise C99 conformance"
| #endif
| 
| #include <stdbool.h>
| extern int puts (const char *);
| extern int printf (const char *, ...);
| extern int dprintf (int, const char *, ...);
| extern void *malloc (size_t);
| 
| // Check varargs macros.  These examples are taken from C99 6.10.3.5.
| // dprintf is used instead of fprintf to avoid needing to declare
| // FILE and stderr.
| #define debug(...) dprintf (2, __VA_ARGS__)
| #define showlist(...) puts (#__VA_ARGS__)
| #define report(test,...) ((test) ? puts (#test) : printf (__VA_ARGS__))
| static void
| test_varargs_macros (void)
| {
|   int x = 1234;
|   int y = 5678;
|   debug ("Flag");
|   debug ("X = %d\n", x);
|   showlist (The first, second, and third items.);
|   report (x>y, "x is %d but y is %d", x, y);
| }
| 
| // Check long long types.
| #define BIG64 18446744073709551615ull
| #define BIG32 4294967295ul
| #define BIG_OK (BIG64 / BIG32 == 4294967297ull && BIG64 % BIG32 == 0)
| #if !BIG_OK
|   #error "your preprocessor is broken"
| #endif
| #if BIG_OK
| #else
|   #error "your preprocessor is broken"
| #endif
| static long long int bignum = -9223372036854775807LL;
| static unsigned long long int ubignum = BIG64;
| 
| struct incomplete_array
| {
|   int datasize;
|   double data[];
| };
| 
| struct named_init {
|   int number;
|   const wchar_t *name;
|   double average;
| };
| 
| typedef const char *ccp;
| 
| static inline int
| test_restrict (ccp restrict text)
| {
|   // See if C++-style comments work.
|   // Iterate through items via the restricted pointer.
|   // Also check for declarations in for loops.
|   for (unsigned int i = 0; *(text+i) != '\0'; ++i)
|     continue;
|   return 0;
| }
| 
| // Check varargs and va_copy.
| static bool
| test_varargs (const char *format, ...)
| {
|   va_list args;
|   va_start (args, format);
|   va_list args_copy;
|   va_copy (args_copy, args);
| 
|   const char *str = "";
|   int number = 0;
|   float fnumber = 0;
| 
|   while (*format)
|     {
|       switch (*format++)
| 	{
| 	case 's': // string
| 	  str = va_arg (args_copy, const char *);
| 	  break;
| 	case 'd': // int
| 	  number = va_arg (args_copy, int);
| 	  break;
| 	case 'f': // float
| 	  fnumber = va_arg (args_copy, double);
| 	  break;
| 	default:
| 	  break;
| 	}
|     }
|   va_end (args_copy);
|   va_end (args);
| 
|   return *str && number && fnumber;
| }
| 
| 
| // Does the compiler advertise C11 conformance?
| #if !defined __STDC_VERSION__ || __STDC_VERSION__ < 201112L
| # error "Compiler does not advertise C11 conformance"
| #endif
| 
| // Check _Alignas.
| char _Alignas (double) aligned_as_double;
| char _Alignas (0) no_special_alignment;
| extern char aligned_as_int;
| char _Alignas (0) _Alignas (int) aligned_as_int;
| 
| // Check _Alignof.
| enum
| {
|   int_alignment = _Alignof (int),
|   int_array_alignment = _Alignof (int[100]),
|   char_alignment = _Alignof (char)
| };
| _Static_assert (0 < -_Alignof (int), "_Alignof is signed");
| 
| // Check _Noreturn.
| int _Noreturn does_not_return (void) { for (;;) continue; }
| 
| // Check _Static_assert.
| struct test_static_assert
| {
|   int x;
|   _Static_assert (sizeof (int) <= sizeof (long int),
|                   "_Static_assert does not work in struct");
|   long int y;
| };
| 
| // Check UTF-8 literals.
| #define u8 syntax error!
| char const utf8_literal[] = u8"happens to be ASCII" "another string";
| 
| // Check duplicate typedefs.
| typedef long *long_ptr;
| typedef long int *long_ptr;
| typedef long_ptr long_ptr;
| 
| // Anonymous structures and unions -- taken from C11 6.7.2.1 Example 1.
| struct anonymous
| {
|   union {
|     struct { int i; int j; };
|     struct { int k; long int l; } w;
|   };
|   int m;
| } v1;
| 
| 
| int
| main (int argc, char **argv)
| {
|   int ok = 0;
|   
| ok |= (argc == 0 || f (e, argv, 0) != argv[0] || f (e, argv, 1) != argv[1]);
| 
|   
|   // Check bool.
|   _Bool success = false;
|   success |= (argc != 0);
| 
|   // Check restrict.
|   if (test_restrict ("String literal") == 0)
|     success = true;
|   char *restrict newvar = "Another string";
| 
|   // Check varargs.
|   success &= test_varargs ("s, d' f .", "string", 65, 34.234);
|   test_varargs_macros ();
| 
|   // Check flexible array members.
|   struct incomplete_array *ia =
|     malloc (sizeof (struct incomplete_array) + (sizeof (double) * 10));
|   ia->datasize = 10;
|   for (int i = 0; i < ia->datasize; ++i)
|     ia->data[i] = i * 1.234;
| 
|   // Check named initializers.
|   struct named_init ni = {
|     .number = 34,
|     .name = L"Test wide string",
|     .average = 543.34343,
|   };
| 
|   ni.number = 58;
| 
|   int dynamic_array[ni.number];
|   dynamic_array[0] = argv[0][0];
|   dynamic_array[ni.number - 1] = 543;
| 
|   // work around unused variable warnings
|   ok |= (!success || bignum == 0LL || ubignum == 0uLL || newvar[0] == 'x'
| 	 || dynamic_array[ni.number - 1] != 543);
| 
|   
|   _Static_assert ((offsetof (struct anonymous, i)
| 		   == offsetof (struct anonymous, w.k)),
| 		  "Anonymous union alignment botch");
|   v1.i = 2;
|   v1.w.k = 5;
|   ok |= v1.i != 5;
| 
|   return ok;
| }
| 
configure:4448: gcc -std=gnu11 -c -g -O2  conftest.c >&5
configure:4448: $? = 0
configure:4469: result: -std=gnu11
configure:4582: checking whether gcc -std=gnu11 understands -c and -o together
configure:4605: gcc -std=gnu11 -c conftest.c -o conftest2.o
configure:4608: $? = 0
configure:4605: gcc -std=gnu11 -c conftest.c -o conftest2.o
configure:4608: $? = 0
configure:4620: result: yes
configure:4639: checking dependency style of gcc -std=gnu11
configure:4751: result: gcc3
configure:4766: checking for a sed that does not truncate output
configure:4836: result: /bin/sed
configure:4854: checking for grep that handles long lines and -e
configure:4918: result: /bin/grep
configure:4923: checking for egrep
configure:4991: result: /bin/grep -E
configure:4996: checking for fgrep
configure:5064: result: /bin/grep -F
configure:5100: checking for ld used by gcc -std=gnu11
configure:5168: result: /bin/ld
configure:5175: checking if the linker (/bin/ld) is GNU ld
configure:5191: result: yes
configure:5203: checking for BSD- or MS-compatible name lister (nm)
configure:5258: result: /bin/nm -B
configure:5398: checking the name lister (/bin/nm -B) interface
configure:5406: gcc -std=gnu11 -c -g -O2  conftest.c >&5
configure:5409: /bin/nm -B "conftest.o"
configure:5412: output
0000000000000000 B some_variable
configure:5419: result: BSD nm
configure:5422: checking whether ln -s works
configure:5426: result: yes
configure:5434: checking the maximum length of command line arguments
configure:5566: result: 1572864
configure:5614: checking how to convert x86_64-pc-linux-gnu file names to x86_64-pc-linux-gnu format
configure:5655: result: func_convert_file_noop
configure:5662: checking how to convert x86_64-pc-linux-gnu file names to toolchain format
configure:5683: result: func_convert_file_noop
configure:5690: checking for /bin/ld option to reload object files
configure:5698: result: -r
configure:5777: checking for file
configure:5798: found /bin/file
configure:5809: result: file
configure:5885: checking for objdump
configure:5906: found /bin/objdump
configure:5917: result: objdump
configure:5949: checking how to recognize dependent libraries
configure:6150: result: pass_all
configure:6240: checking for dlltool
configure:6275: result: no
configure:6305: checking how to associate runtime and link libraries
configure:6333: result: printf %s\n
configure:6399: checking for ar
configure:6420: found /bin/ar
configure:6431: result: ar
configure:6484: checking for archiver @FILE support
configure:6502: gcc -std=gnu11 -c -g -O2  conftest.c >&5
configure:6502: $? = 0
configure:6506: ar cr libconftest.a @conftest.lst >&5
configure:6509: $? = 0
configure:6514: ar cr libconftest.a @conftest.lst >&5
ar: conftest.o: No such file or directory
configure:6517: $? = 1
configure:6529: result: @
configure:6592: checking for strip
configure:6613: found /bin/strip
configure:6624: result: strip
configure:6701: checking for ranlib
configure:6722: found /bin/ranlib
configure:6733: result: ranlib
configure:6835: checking command to parse /bin/nm -B output from gcc -std=gnu11 object
configure:6989: gcc -std=gnu11 -c -g -O2  conftest.c >&5
configure:6992: $? = 0
configure:6996: /bin/nm -B conftest.o \| /bin/sed -n -e 's/^.*[ ]\([ABCDGIRSTW][ABCDGIRSTW]*\)[ ][ ]*\([_A-Za-z][_A-Za-z0-9]*\)$/\1 \2 \2/p' | /bin/sed '/ __gnu_lto/d' \> conftest.nm
configure:6999: $? = 0
configure:7065: gcc -std=gnu11 -o conftest -g -O2   conftest.c conftstm.o >&5
configure:7068: $? = 0
configure:7106: result: ok
configure:7153: checking for sysroot
configure:7184: result: no
configure:7191: checking for a working dd
configure:7235: result: /bin/dd
configure:7239: checking how to truncate binary pipes
configure:7255: result: /bin/dd bs=4096 count=1
configure:7392: gcc -std=gnu11 -c -g -O2  conftest.c >&5
configure:7395: $? = 0
configure:7592: checking for mt
configure:7627: result: no
configure:7647: checking if : is a manifest tool
configure:7654: : '-?'
configure:7662: result: no
configure:8387: checking for stdio.h
configure:8387: gcc -std=gnu11 -c -g -O2  conftest.c >&5
configure:8387: $? = 0
configure:8387: result: yes
configure:8387: checking for stdlib.h
configure:8387: gcc -std=gnu11 -c -g -O2  conftest.c >&5
configure:8387: $? = 0
configure:8387: result: yes
configure:8387: checking for string.h
configure:8387: gcc -std=gnu11 -c -g -O2  conftest.c >&5
configure:8387: $? = 0
configure:8387: result: yes
configure:8387: checking for inttypes.h
configure:8387: gcc -std=gnu11 -c -g -O2  conftest.c >&5
configure:8387: $? = 0
configure:8387: result: yes
configure:8387: checking for stdint.h
configure:8387: gcc -std=gnu11 -c -g -O2  conftest.c >&5
configure:8387: $? = 0
configure:8387: result: yes
configure:8387: checking for strings.h
configure:8387: gcc -std=gnu11 -c -g -O2  conftest.c >&5
configure:8387: $? = 0
configure:8387: result: yes
configure:8387: checking for sys/stat.h
configure:8387: gcc -std=gnu11 -c -g -O2  conftest.c >&5
configure:8387: $? = 0
configure:8387: result: yes
configure:8387: checking for sys/types.h
configure:8387: gcc -std=gnu11 -c -g -O2  conftest.c >&5
configure:8387: $? = 0
configure:8387: result: yes
configure:8387: checking for unistd.h
configure:8387: gcc -std=gnu11 -c -g -O2  conftest.c >&5
configure:8387: $? = 0
configure:8387: result: yes
configure:8412: checking for dlfcn.h
configure:8412: gcc -std=gnu11 -c -g -O2  conftest.c >&5
configure:8412: $? = 0
configure:8412: result: yes
configure:8671: checking for objdir
configure:8687: result: .libs
configure:8947: checking if gcc -std=gnu11 supports -fno-rtti -fno-exceptions
configure:8966: gcc -std=gnu11 -c -g -O2  -fno-rtti -fno-exceptions conftest.c >&5
cc1: warning: command line option '-fno-rtti' is valid for C++/ObjC++ but not for C [enabled by default]
configure:8970: $? = 0
configure:8983: result: no
configure:9341: checking for gcc -std=gnu11 option to produce PIC
configure:9349: result: -fPIC -DPIC
configure:9357: checking if gcc -std=gnu11 PIC flag -fPIC -DPIC works
configure:9376: gcc -std=gnu11 -c -g -O2  -fPIC -DPIC -DPIC conftest.c >&5
configure:9380: $? = 0
configure:9393: result: yes
configure:9422: checking if gcc -std=gnu11 static flag -static works
configure:9451: result: no
configure:9466: checking if gcc -std=gnu11 supports -c -o file.o
configure:9488: gcc -std=gnu11 -c -g -O2  -o out/conftest2.o conftest.c >&5
configure:9492: $? = 0
configure:9514: result: yes
configure:9522: checking if gcc -std=gnu11 supports -c -o file.o
configure:9570: result: yes
configure:9603: checking whether the gcc -std=gnu11 linker (/bin/ld -m elf_x86_64) supports shared libraries
configure:10871: result: yes
configure:10908: checking whether -lc should be explicitly linked in
configure:10917: gcc -std=gnu11 -c -g -O2  conftest.c >&5
configure:10920: $? = 0
configure:10935: gcc -std=gnu11 -shared  -fPIC -DPIC conftest.o  -v -Wl,-soname -Wl,conftest -o conftest 2\>\&1 \| /bin/grep  -lc  \>/dev/null 2\>\&1
configure:10938: $? = 0
configure:10952: result: no
configure:11112: checking dynamic linker characteristics
configure:11694: gcc -std=gnu11 -o conftest -g -O2   -Wl,-rpath -Wl,/foo conftest.c  >&5
configure:11694: $? = 0
configure:11933: result: GNU/Linux ld.so
configure:12055: checking how to hardcode library paths into programs
configure:12080: result: immediate
configure:12632: checking whether stripping libraries is possible
configure:12641: result: yes
configure:12683: checking if libtool supports shared libraries
configure:12685: result: yes
configure:12688: checking whether to build shared libraries
configure:12713: result: yes
configure:12716: checking whether to build static libraries
configure:12720: result: yes
configure:12759: checking whether to enable maintainer-specific portions of Makefiles
configure:12769: result: no
configure:12842: checking for gcc
configure:12874: result: gcc
configure:13227: checking for C compiler version
configure:13236: gcc --version >&5
gcc (GCC) 4.8.5 20150623 (Red Hat 4.8.5-44)
Copyright (C) 2015 Free Software Foundation, Inc.
This is free software; see the source for copying conditions.  There is NO
warranty; not even for MERCHANTABILITY or FITNESS FOR A PARTICULAR PURPOSE.

configure:13247: $? = 0
configure:13236: gcc -v >&5
Using built-in specs.
COLLECT_GCC=gcc
COLLECT_LTO_WRAPPER=/usr/libexec/gcc/x86_64-redhat-linux/4.8.5/lto-wrapper
Target: x86_64-redhat-linux
Configured with: ../configure --prefix=/usr --mandir=/usr/share/man --infodir=/usr/share/info --with-bugurl=http://bugzilla.redhat.com/bugzilla --enable-bootstrap --enable-shared --enable-threads=posix --enable-checking=release --with-system-zlib --enable-__cxa_atexit --disable-libunwind-exceptions --enable-gnu-unique-object --enable-linker-build-id --with-linker-hash-style=gnu --enable-languages=c,c++,objc,obj-c++,java,fortran,ada,go,lto --enable-plugin --enable-initfini-array --disable-libgcj --with-isl=/builddir/build/BUILD/gcc-4.8.5-20150702/obj-x86_64-redhat-linux/isl-install --with-cloog=/builddir/build/BUILD/gcc-4.8.5-20150702/obj-x86_64-redhat-linux/cloog-install --enable-gnu-indirect-function --with-tune=generic --with-arch_32=x86-64 --build=x86_64-redhat-linux
Thread model: posix
gcc version 4.8.5 20150623 (Red Hat 4.8.5-44) (GCC) 
configure:13247: $? = 0
configure:13236: gcc -V >&5
gcc: error: unrecognized command line option '-V'
gcc: fatal error: no input files
compilation terminated.
configure:13247: $? = 4
configure:13236: gcc -qversion >&5
gcc: error: unrecognized command line option '-qversion'
gcc: fatal error: no input files
compilation terminated.
configure:13247: $? = 4
configure:13236: gcc -version >&5
gcc: error: unrecognized command line option '-version'
gcc: fatal error: no input files
compilation terminated.
configure:13247: $? = 4
configure:13251: checking whether the compiler supports GNU C
configure:13281: result: yes
configure:13292: checking whether gcc accepts -g
configure:13357: result: yes
configure:13377: checking for gcc option to enable C11 features
configure:13413: result: -std=gnu11
configure:13526: checking whether gcc -std=gnu11 understands -c and -o together
configure:13564: result: yes
configure:13583: checking dependency style of gcc -std=gnu11
configure:13695: result: gcc3
configure:13758: checking for ranlib
configure:13790: result: ranlib
configure:13812: checking whether ln -s works
configure:13816: result: yes
configure:13847: checking for library containing floor
configure:13877: gcc -std=gnu11 -o conftest -g -O2 -Wall   conftest.c  >&5
conftest.c:27:6: warning: conflicting types for built-in function 'floor' [enabled by default]
 char floor ();
      ^
/tmp/cc3nISoS.o: In function `main':
/home/centos/feh_workspace/firesim-sIOPMP/target-design/chipyard/software/firemarshal/boards/firechip/base-workloads/br-base/penglai_rootfs/home/root/iperf/conftest.c:31: undefined reference to `floor'
collect2: error: ld returned 1 exit status
configure:13877: $? = 1
configure: failed program was:
| /* confdefs.h */
| #define PACKAGE_NAME "iperf"
| #define PACKAGE_TARNAME "iperf"
| #define PACKAGE_VERSION "3.13"
| #define PACKAGE_STRING "iperf 3.13"
| #define PACKAGE_BUGREPORT "https://github.com/esnet/iperf"
| #define PACKAGE_URL "https://software.es.net/iperf/"
| #define PACKAGE "iperf"
| #define VERSION "3.13"
| #define HAVE_STDIO_H 1
| #define HAVE_STDLIB_H 1
| #define HAVE_STRING_H 1
| #define HAVE_INTTYPES_H 1
| #define HAVE_STDINT_H 1
| #define HAVE_STRINGS_H 1
| #define HAVE_SYS_STAT_H 1
| #define HAVE_SYS_TYPES_H 1
| #define HAVE_UNISTD_H 1
| #define STDC_HEADERS 1
| #define HAVE_DLFCN_H 1
| #define LT_OBJDIR ".libs/"
| /* end confdefs.h.  */
| 
| /* Override any GCC internal prototype to avoid an error.
|    Use char because int might match the return type of a GCC
|    builtin and then its argument prototype would still apply.  */
| char floor ();
| int
| main (void)
| {
| return floor ();
|   ;
|   return 0;
| }
configure:13877: gcc -std=gnu11 -o conftest -g -O2 -Wall   conftest.c -lm   >&5
conftest.c:27:6: warning: conflicting types for built-in function 'floor' [enabled by default]
 char floor ();
      ^
configure:13877: $? = 0
configure:13897: result: -lm
configure:13913: checking for library containing socket
configure:13943: gcc -std=gnu11 -o conftest -g -O2 -Wall   conftest.c -lm  >&5
configure:13943: $? = 0
configure:13963: result: none required
configure:13979: checking for library containing inet_ntop
configure:14009: gcc -std=gnu11 -o conftest -g -O2 -Wall   conftest.c -lm  >&5
configure:14009: $? = 0
configure:14029: result: none required
configure:14045: checking for an ANSI C-conforming const
configure:14112: gcc -std=gnu11 -c -g -O2 -Wall  conftest.c >&5
configure:14112: $? = 0
configure:14120: result: yes
configure:14130: checking for poll.h
configure:14130: gcc -std=gnu11 -c -g -O2 -Wall  conftest.c >&5
configure:14130: $? = 0
configure:14130: result: yes
configure:14165: checking for linux/tcp.h
configure:14165: gcc -std=gnu11 -c -g -O2 -Wall  conftest.c >&5
configure:14165: $? = 0
configure:14165: result: yes
configure:14175: checking for sys/socket.h
configure:14175: gcc -std=gnu11 -c -g -O2 -Wall  conftest.c >&5
configure:14175: $? = 0
configure:14175: result: yes
configure:14184: checking for netinet/sctp.h
configure:14184: gcc -std=gnu11 -c -g -O2 -Wall  conftest.c >&5
conftest.c:31:26: fatal error: netinet/sctp.h: No such file or directory
 #include <netinet/sctp.h>
                          ^
compilation terminated.
configure:14184: $? = 1
configure: failed program was:
| /* confdefs.h */
| #define PACKAGE_NAME "iperf"
| #define PACKAGE_TARNAME "iperf"
| #define PACKAGE_VERSION "3.13"
| #define PACKAGE_STRING "iperf 3.13"
| #define PACKAGE_BUGREPORT "https://github.com/esnet/iperf"
| #define PACKAGE_URL "https://software.es.net/iperf/"
| #define PACKAGE "iperf"
| #define VERSION "3.13"
| #define HAVE_STDIO_H 1
| #define HAVE_STDLIB_H 1
| #define HAVE_STRING_H 1
| #define HAVE_INTTYPES_H 1
| #define HAVE_STDINT_H 1
| #define HAVE_STRINGS_H 1
| #define HAVE_SYS_STAT_H 1
| #define HAVE_SYS_TYPES_H 1
| #define HAVE_UNISTD_H 1
| #define STDC_HEADERS 1
| #define HAVE_DLFCN_H 1
| #define LT_OBJDIR ".libs/"
| #define HAVE_POLL_H 1
| #define HAVE_LINUX_TCP_H 1
| #define HAVE_SYS_SOCKET_H 1
| /* end confdefs.h.  */
| #ifdef HAVE_SYS_SOCKET_H
| #include <sys/socket.h>
| #endif
| 
| 
| #include <netinet/sctp.h>
configure:14184: result: no
configure:14326: checking for endian.h
configure:14326: gcc -std=gnu11 -c -g -O2 -Wall  conftest.c >&5
configure:14326: $? = 0
configure:14326: result: yes
configure:14422: checking for pkg-config
configure:14443: found /bin/pkg-config
configure:14454: result: pkg-config
configure:14501: checking for openssl/ssl.h in /usr/local/ssl
configure:14512: result: no
configure:14501: checking for openssl/ssl.h in /usr/lib/ssl
configure:14512: result: no
configure:14501: checking for openssl/ssl.h in /usr/ssl
configure:14512: result: no
configure:14501: checking for openssl/ssl.h in /usr/pkg
configure:14512: result: no
configure:14501: checking for openssl/ssl.h in /usr/local
configure:14512: result: no
configure:14501: checking for openssl/ssl.h in /usr
configure:14512: result: no
configure:14524: checking whether compiling and linking against OpenSSL works
Trying link with OPENSSL_LDFLAGS=; OPENSSL_LIBS=; OPENSSL_INCLUDES=
configure:14546: gcc -std=gnu11 -o conftest -g -O2 -Wall     conftest.c  -lm  >&5
conftest.c:27:25: fatal error: openssl/ssl.h: No such file or directory
 #include <openssl/ssl.h>
                         ^
compilation terminated.
configure:14546: $? = 1
configure: failed program was:
| /* confdefs.h */
| #define PACKAGE_NAME "iperf"
| #define PACKAGE_TARNAME "iperf"
| #define PACKAGE_VERSION "3.13"
| #define PACKAGE_STRING "iperf 3.13"
| #define PACKAGE_BUGREPORT "https://github.com/esnet/iperf"
| #define PACKAGE_URL "https://software.es.net/iperf/"
| #define PACKAGE "iperf"
| #define VERSION "3.13"
| #define HAVE_STDIO_H 1
| #define HAVE_STDLIB_H 1
| #define HAVE_STRING_H 1
| #define HAVE_INTTYPES_H 1
| #define HAVE_STDINT_H 1
| #define HAVE_STRINGS_H 1
| #define HAVE_SYS_STAT_H 1
| #define HAVE_SYS_TYPES_H 1
| #define HAVE_UNISTD_H 1
| #define STDC_HEADERS 1
| #define HAVE_DLFCN_H 1
| #define LT_OBJDIR ".libs/"
| #define HAVE_POLL_H 1
| #define HAVE_LINUX_TCP_H 1
| #define HAVE_SYS_SOCKET_H 1
| #define HAVE_ENDIAN_H 1
| /* end confdefs.h.  */
| #include <openssl/ssl.h>
| int
| main (void)
| {
| SSL_new(NULL)
|   ;
|   return 0;
| }
configure:14558: result: no
configure:14592: checking TCP_CONGESTION socket option
configure:14609: gcc -std=gnu11 -c -g -O2 -Wall   conftest.c >&5
conftest.c: In function 'main':
conftest.c:31:5: warning: unused variable 'foo' [-Wunused-variable]
 int foo = TCP_CONGESTION;
     ^
configure:14609: $? = 0
configure:14617: result: yes
configure:14626: checking TCP_USER_TIMEOUT socket option
configure:14643: gcc -std=gnu11 -c -g -O2 -Wall   conftest.c >&5
conftest.c: In function 'main':
conftest.c:32:5: warning: unused variable 'foo' [-Wunused-variable]
 int foo = TCP_USER_TIMEOUT;
     ^
configure:14643: $? = 0
configure:14651: result: yes
configure:14663: checking IPv6 flowlabel support
configure:14681: gcc -std=gnu11 -c -g -O2 -Wall   conftest.c >&5
conftest.c: In function 'main':
conftest.c:34:5: warning: unused variable 'foo' [-Wunused-variable]
 int foo = IPV6_FLOWLABEL_MGR;
     ^
configure:14681: $? = 0
configure:14689: result: yes
configure:14706: checking for cpuset_setaffinity
configure:14706: gcc -std=gnu11 -o conftest -g -O2 -Wall     conftest.c  -lm  >&5
/tmp/ccT6wfzq.o: In function `main':
/home/centos/feh_workspace/firesim-sIOPMP/target-design/chipyard/software/firemarshal/boards/firechip/base-workloads/br-base/penglai_rootfs/home/root/iperf/conftest.c:57: undefined reference to `cpuset_setaffinity'
collect2: error: ld returned 1 exit status
configure:14706: $? = 1
configure: failed program was:
| /* confdefs.h */
| #define PACKAGE_NAME "iperf"
| #define PACKAGE_TARNAME "iperf"
| #define PACKAGE_VERSION "3.13"
| #define PACKAGE_STRING "iperf 3.13"
| #define PACKAGE_BUGREPORT "https://github.com/esnet/iperf"
| #define PACKAGE_URL "https://software.es.net/iperf/"
| #define PACKAGE "iperf"
| #define VERSION "3.13"
| #define HAVE_STDIO_H 1
| #define HAVE_STDLIB_H 1
| #define HAVE_STRING_H 1
| #define HAVE_INTTYPES_H 1
| #define HAVE_STDINT_H 1
| #define HAVE_STRINGS_H 1
| #define HAVE_SYS_STAT_H 1
| #define HAVE_SYS_TYPES_H 1
| #define HAVE_UNISTD_H 1
| #define STDC_HEADERS 1
| #define HAVE_DLFCN_H 1
| #define LT_OBJDIR ".libs/"
| #define HAVE_POLL_H 1
| #define HAVE_LINUX_TCP_H 1
| #define HAVE_SYS_SOCKET_H 1
| #define HAVE_ENDIAN_H 1
| #define HAVE_TCP_CONGESTION 1
| #define HAVE_TCP_USER_TIMEOUT 1
| #define HAVE_FLOWLABEL 1
| /* end confdefs.h.  */
| /* Define cpuset_setaffinity to an innocuous variant, in case <limits.h> declares cpuset_setaffinity.
|    For example, HP-UX 11i <limits.h> declares gettimeofday.  */
| #define cpuset_setaffinity innocuous_cpuset_setaffinity
| 
| /* System header to define __stub macros and hopefully few prototypes,
|    which can conflict with char cpuset_setaffinity (); below.  */
| 
| #include <limits.h>
| #undef cpuset_setaffinity
| 
| /* Override any GCC internal prototype to avoid an error.
|    Use char because int might match the return type of a GCC
|    builtin and then its argument prototype would still apply.  */
| #ifdef __cplusplus
| extern "C"
| #endif
| char cpuset_setaffinity ();
| /* The GNU C library defines this for functions which it implements
|     to always fail with ENOSYS.  Some functions are actually named
|     something starting with __ and the normal name is an alias.  */
| #if defined __stub_cpuset_setaffinity || defined __stub___cpuset_setaffinity
| choke me
| #endif
| 
| int
| main (void)
| {
| return cpuset_setaffinity ();
|   ;
|   return 0;
| }
configure:14706: result: no
configure:14706: checking for sched_setaffinity
configure:14706: gcc -std=gnu11 -o conftest -g -O2 -Wall     conftest.c  -lm  >&5
configure:14706: $? = 0
configure:14706: result: yes
configure:14706: checking for SetProcessAffinityMask
configure:14706: gcc -std=gnu11 -o conftest -g -O2 -Wall     conftest.c  -lm  >&5
/tmp/ccrmMQsu.o: In function `main':
/home/centos/feh_workspace/firesim-sIOPMP/target-design/chipyard/software/firemarshal/boards/firechip/base-workloads/br-base/penglai_rootfs/home/root/iperf/conftest.c:59: undefined reference to `SetProcessAffinityMask'
collect2: error: ld returned 1 exit status
configure:14706: $? = 1
configure: failed program was:
| /* confdefs.h */
| #define PACKAGE_NAME "iperf"
| #define PACKAGE_TARNAME "iperf"
| #define PACKAGE_VERSION "3.13"
| #define PACKAGE_STRING "iperf 3.13"
| #define PACKAGE_BUGREPORT "https://github.com/esnet/iperf"
| #define PACKAGE_URL "https://software.es.net/iperf/"
| #define PACKAGE "iperf"
| #define VERSION "3.13"
| #define HAVE_STDIO_H 1
| #define HAVE_STDLIB_H 1
| #define HAVE_STRING_H 1
| #define HAVE_INTTYPES_H 1
| #define HAVE_STDINT_H 1
| #define HAVE_STRINGS_H 1
| #define HAVE_SYS_STAT_H 1
| #define HAVE_SYS_TYPES_H 1
| #define HAVE_UNISTD_H 1
| #define STDC_HEADERS 1
| #define HAVE_DLFCN_H 1
| #define LT_OBJDIR ".libs/"
| #define HAVE_POLL_H 1
| #define HAVE_LINUX_TCP_H 1
| #define HAVE_SYS_SOCKET_H 1
| #define HAVE_ENDIAN_H 1
| #define HAVE_TCP_CONGESTION 1
| #define HAVE_TCP_USER_TIMEOUT 1
| #define HAVE_FLOWLABEL 1
| #define HAVE_SCHED_SETAFFINITY 1
| #define HAVE_CPU_AFFINITY 1
| /* end confdefs.h.  */
| /* Define SetProcessAffinityMask to an innocuous variant, in case <limits.h> declares SetProcessAffinityMask.
|    For example, HP-UX 11i <limits.h> declares gettimeofday.  */
| #define SetProcessAffinityMask innocuous_SetProcessAffinityMask
| 
| /* System header to define __stub macros and hopefully few prototypes,
|    which can conflict with char SetProcessAffinityMask (); below.  */
| 
| #include <limits.h>
| #undef SetProcessAffinityMask
| 
| /* Override any GCC internal prototype to avoid an error.
|    Use char because int might match the return type of a GCC
|    builtin and then its argument prototype would still apply.  */
| #ifdef __cplusplus
| extern "C"
| #endif
| char SetProcessAffinityMask ();
| /* The GNU C library defines this for functions which it implements
|     to always fail with ENOSYS.  Some functions are actually named
|     something starting with __ and the normal name is an alias.  */
| #if defined __stub_SetProcessAffinityMask || defined __stub___SetProcessAffinityMask
| choke me
| #endif
| 
| int
| main (void)
| {
| return SetProcessAffinityMask ();
|   ;
|   return 0;
| }
configure:14706: result: no
configure:14720: checking for daemon
configure:14720: gcc -std=gnu11 -o conftest -g -O2 -Wall     conftest.c  -lm  >&5
configure:14720: $? = 0
configure:14720: result: yes
configure:14731: checking for sendfile
configure:14731: gcc -std=gnu11 -o conftest -g -O2 -Wall     conftest.c  -lm  >&5
configure:14731: $? = 0
configure:14731: result: yes
configure:14741: checking for getline
configure:14741: gcc -std=gnu11 -o conftest -g -O2 -Wall     conftest.c  -lm  >&5
configure:14741: $? = 0
configure:14741: result: yes
configure:14750: checking SO_MAX_PACING_RATE socket option
configure:14767: gcc -std=gnu11 -c -g -O2 -Wall   conftest.c >&5
conftest.c: In function 'main':
conftest.c:39:5: warning: unused variable 'foo' [-Wunused-variable]
 int foo = SO_MAX_PACING_RATE;
     ^
configure:14767: $? = 0
configure:14775: result: yes
configure:14784: checking SO_BINDTODEVICE socket option
configure:14801: gcc -std=gnu11 -c -g -O2 -Wall   conftest.c >&5
conftest.c: In function 'main':
conftest.c:40:5: warning: unused variable 'foo' [-Wunused-variable]
 int foo = SO_BINDTODEVICE;
     ^
configure:14801: $? = 0
configure:14809: result: yes
configure:14818: checking IP_MTU_DISCOVER socket option
configure:14837: gcc -std=gnu11 -c -g -O2 -Wall   conftest.c >&5
conftest.c: In function 'main':
conftest.c:43:5: warning: unused variable 'foo' [-Wunused-variable]
 int foo = IP_MTU_DISCOVER;
     ^
configure:14837: $? = 0
configure:14845: result: yes
configure:14854: checking IP_DONTFRAG socket option
configure:14873: gcc -std=gnu11 -c -g -O2 -Wall   conftest.c >&5
conftest.c: In function 'main':
conftest.c:44:11: error: 'IP_DONTFRAG' undeclared (first use in this function)
 int foo = IP_DONTFRAG;
           ^
conftest.c:44:11: note: each undeclared identifier is reported only once for each function it appears in
conftest.c:44:5: warning: unused variable 'foo' [-Wunused-variable]
 int foo = IP_DONTFRAG;
     ^
configure:14873: $? = 1
configure: failed program was:
| /* confdefs.h */
| #define PACKAGE_NAME "iperf"
| #define PACKAGE_TARNAME "iperf"
| #define PACKAGE_VERSION "3.13"
| #define PACKAGE_STRING "iperf 3.13"
| #define PACKAGE_BUGREPORT "https://github.com/esnet/iperf"
| #define PACKAGE_URL "https://software.es.net/iperf/"
| #define PACKAGE "iperf"
| #define VERSION "3.13"
| #define HAVE_STDIO_H 1
| #define HAVE_STDLIB_H 1
| #define HAVE_STRING_H 1
| #define HAVE_INTTYPES_H 1
| #define HAVE_STDINT_H 1
| #define HAVE_STRINGS_H 1
| #define HAVE_SYS_STAT_H 1
| #define HAVE_SYS_TYPES_H 1
| #define HAVE_UNISTD_H 1
| #define STDC_HEADERS 1
| #define HAVE_DLFCN_H 1
| #define LT_OBJDIR ".libs/"
| #define HAVE_POLL_H 1
| #define HAVE_LINUX_TCP_H 1
| #define HAVE_SYS_SOCKET_H 1
| #define HAVE_ENDIAN_H 1
| #define HAVE_TCP_CONGESTION 1
| #define HAVE_TCP_USER_TIMEOUT 1
| #define HAVE_FLOWLABEL 1
| #define HAVE_SCHED_SETAFFINITY 1
| #define HAVE_CPU_AFFINITY 1
| #define HAVE_DAEMON 1
| #define HAVE_SENDFILE 1
| #define HAVE_GETLINE 1
| #define HAVE_SO_MAX_PACING_RATE 1
| #define HAVE_SO_BINDTODEVICE 1
| #define HAVE_IP_MTU_DISCOVER 1
| /* end confdefs.h.  */
| #include <sys/types.h>
|                      #include <sys/socket.h>
|                      #include <netinet/in.h>
| int
| main (void)
| {
| int foo = IP_DONTFRAG;
|   ;
|   return 0;
| }
configure:14881: result: no
configure:14890: checking IP_DONTFRAGMENT socket option
configure:14909: gcc -std=gnu11 -c -g -O2 -Wall   conftest.c >&5
conftest.c: In function 'main':
conftest.c:44:11: error: 'IP_DONTFRAGMENT' undeclared (first use in this function)
 int foo = IP_DONTFRAGMENT;
           ^
conftest.c:44:11: note: each undeclared identifier is reported only once for each function it appears in
conftest.c:44:5: warning: unused variable 'foo' [-Wunused-variable]
 int foo = IP_DONTFRAGMENT;
     ^
configure:14909: $? = 1
configure: failed program was:
| /* confdefs.h */
| #define PACKAGE_NAME "iperf"
| #define PACKAGE_TARNAME "iperf"
| #define PACKAGE_VERSION "3.13"
| #define PACKAGE_STRING "iperf 3.13"
| #define PACKAGE_BUGREPORT "https://github.com/esnet/iperf"
| #define PACKAGE_URL "https://software.es.net/iperf/"
| #define PACKAGE "iperf"
| #define VERSION "3.13"
| #define HAVE_STDIO_H 1
| #define HAVE_STDLIB_H 1
| #define HAVE_STRING_H 1
| #define HAVE_INTTYPES_H 1
| #define HAVE_STDINT_H 1
| #define HAVE_STRINGS_H 1
| #define HAVE_SYS_STAT_H 1
| #define HAVE_SYS_TYPES_H 1
| #define HAVE_UNISTD_H 1
| #define STDC_HEADERS 1
| #define HAVE_DLFCN_H 1
| #define LT_OBJDIR ".libs/"
| #define HAVE_POLL_H 1
| #define HAVE_LINUX_TCP_H 1
| #define HAVE_SYS_SOCKET_H 1
| #define HAVE_ENDIAN_H 1
| #define HAVE_TCP_CONGESTION 1
| #define HAVE_TCP_USER_TIMEOUT 1
| #define HAVE_FLOWLABEL 1
| #define HAVE_SCHED_SETAFFINITY 1
| #define HAVE_CPU_AFFINITY 1
| #define HAVE_DAEMON 1
| #define HAVE_SENDFILE 1
| #define HAVE_GETLINE 1
| #define HAVE_SO_MAX_PACING_RATE 1
| #define HAVE_SO_BINDTODEVICE 1
| #define HAVE_IP_MTU_DISCOVER 1
| /* end confdefs.h.  */
| #include <sys/types.h>
|                      #include <sys/socket.h>
|                      #include <netinet/in.h>
| int
| main (void)
| {
| int foo = IP_DONTFRAGMENT;
|   ;
|   return 0;
| }
configure:14917: result: no
configure:14926: checking any kind of DF socket option
configure:14938: result: yes
configure:14950: checking for struct tcp_info.tcpi_snd_wnd
configure:14950: gcc -std=gnu11 -c -g -O2 -Wall   conftest.c >&5
conftest.c: In function 'main':
conftest.c:51:12: error: 'struct tcp_info' has no member named 'tcpi_snd_wnd'
 if (ac_aggr.tcpi_snd_wnd)
            ^
conftest.c:50:24: warning: variable 'ac_aggr' set but not used [-Wunused-but-set-variable]
 static struct tcp_info ac_aggr;
                        ^
configure:14950: $? = 1
configure: failed program was:
| /* confdefs.h */
| #define PACKAGE_NAME "iperf"
| #define PACKAGE_TARNAME "iperf"
| #define PACKAGE_VERSION "3.13"
| #define PACKAGE_STRING "iperf 3.13"
| #define PACKAGE_BUGREPORT "https://github.com/esnet/iperf"
| #define PACKAGE_URL "https://software.es.net/iperf/"
| #define PACKAGE "iperf"
| #define VERSION "3.13"
| #define HAVE_STDIO_H 1
| #define HAVE_STDLIB_H 1
| #define HAVE_STRING_H 1
| #define HAVE_INTTYPES_H 1
| #define HAVE_STDINT_H 1
| #define HAVE_STRINGS_H 1
| #define HAVE_SYS_STAT_H 1
| #define HAVE_SYS_TYPES_H 1
| #define HAVE_UNISTD_H 1
| #define STDC_HEADERS 1
| #define HAVE_DLFCN_H 1
| #define LT_OBJDIR ".libs/"
| #define HAVE_POLL_H 1
| #define HAVE_LINUX_TCP_H 1
| #define HAVE_SYS_SOCKET_H 1
| #define HAVE_ENDIAN_H 1
| #define HAVE_TCP_CONGESTION 1
| #define HAVE_TCP_USER_TIMEOUT 1
| #define HAVE_FLOWLABEL 1
| #define HAVE_SCHED_SETAFFINITY 1
| #define HAVE_CPU_AFFINITY 1
| #define HAVE_DAEMON 1
| #define HAVE_SENDFILE 1
| #define HAVE_GETLINE 1
| #define HAVE_SO_MAX_PACING_RATE 1
| #define HAVE_SO_BINDTODEVICE 1
| #define HAVE_IP_MTU_DISCOVER 1
| #define HAVE_DONT_FRAGMENT 1
| /* end confdefs.h.  */
| #ifdef HAVE_LINUX_TCP_H
| #include <linux/tcp.h>
| #else
| #include <sys/types.h>
| #include <netinet/tcp.h>
| #endif
| 
| 
| int
| main (void)
| {
| static struct tcp_info ac_aggr;
| if (ac_aggr.tcpi_snd_wnd)
| return 0;
|   ;
|   return 0;
| }
configure:14950: gcc -std=gnu11 -c -g -O2 -Wall   conftest.c >&5
conftest.c: In function 'main':
conftest.c:51:19: error: 'struct tcp_info' has no member named 'tcpi_snd_wnd'
 if (sizeof ac_aggr.tcpi_snd_wnd)
                   ^
conftest.c:50:24: warning: variable 'ac_aggr' set but not used [-Wunused-but-set-variable]
 static struct tcp_info ac_aggr;
                        ^
configure:14950: $? = 1
configure: failed program was:
| /* confdefs.h */
| #define PACKAGE_NAME "iperf"
| #define PACKAGE_TARNAME "iperf"
| #define PACKAGE_VERSION "3.13"
| #define PACKAGE_STRING "iperf 3.13"
| #define PACKAGE_BUGREPORT "https://github.com/esnet/iperf"
| #define PACKAGE_URL "https://software.es.net/iperf/"
| #define PACKAGE "iperf"
| #define VERSION "3.13"
| #define HAVE_STDIO_H 1
| #define HAVE_STDLIB_H 1
| #define HAVE_STRING_H 1
| #define HAVE_INTTYPES_H 1
| #define HAVE_STDINT_H 1
| #define HAVE_STRINGS_H 1
| #define HAVE_SYS_STAT_H 1
| #define HAVE_SYS_TYPES_H 1
| #define HAVE_UNISTD_H 1
| #define STDC_HEADERS 1
| #define HAVE_DLFCN_H 1
| #define LT_OBJDIR ".libs/"
| #define HAVE_POLL_H 1
| #define HAVE_LINUX_TCP_H 1
| #define HAVE_SYS_SOCKET_H 1
| #define HAVE_ENDIAN_H 1
| #define HAVE_TCP_CONGESTION 1
| #define HAVE_TCP_USER_TIMEOUT 1
| #define HAVE_FLOWLABEL 1
| #define HAVE_SCHED_SETAFFINITY 1
| #define HAVE_CPU_AFFINITY 1
| #define HAVE_DAEMON 1
| #define HAVE_SENDFILE 1
| #define HAVE_GETLINE 1
| #define HAVE_SO_MAX_PACING_RATE 1
| #define HAVE_SO_BINDTODEVICE 1
| #define HAVE_IP_MTU_DISCOVER 1
| #define HAVE_DONT_FRAGMENT 1
| /* end confdefs.h.  */
| #ifdef HAVE_LINUX_TCP_H
| #include <linux/tcp.h>
| #else
| #include <sys/types.h>
| #include <netinet/tcp.h>
| #endif
| 
| 
| int
| main (void)
| {
| static struct tcp_info ac_aggr;
| if (sizeof ac_aggr.tcpi_snd_wnd)
| return 0;
|   ;
|   return 0;
| }
configure:14950: result: no
configure:14973: checking for library containing clock_gettime
configure:15003: gcc -std=gnu11 -o conftest -g -O2 -Wall     conftest.c  -lm  >&5
configure:15003: $? = 0
configure:15023: result: none required
configure:15033: checking for clock_gettime
configure:15033: gcc -std=gnu11 -o conftest -g -O2 -Wall     conftest.c  -lm  >&5
configure:15033: $? = 0
configure:15033: result: yes
configure:15156: checking that generated files are newer than configure
configure:15162: result: done
configure:15197: creating ./config.status

## ---------------- ##
## Cache variables. ##
## ---------------- ##

ac_cv_build=x86_64-pc-linux-gnu
ac_cv_c_compiler_gnu=yes
ac_cv_c_const=yes
ac_cv_env_CC_set=
ac_cv_env_CC_value=
ac_cv_env_CFLAGS_set=
ac_cv_env_CFLAGS_value=
ac_cv_env_CPPFLAGS_set=
ac_cv_env_CPPFLAGS_value=
ac_cv_env_LDFLAGS_set=
ac_cv_env_LDFLAGS_value=
ac_cv_env_LIBS_set=
ac_cv_env_LIBS_value=
ac_cv_env_LT_SYS_LIBRARY_PATH_set=
ac_cv_env_LT_SYS_LIBRARY_PATH_value=
ac_cv_env_build_alias_set=
ac_cv_env_build_alias_value=
ac_cv_env_host_alias_set=
ac_cv_env_host_alias_value=
ac_cv_env_target_alias_set=
ac_cv_env_target_alias_value=
ac_cv_func_SetProcessAffinityMask=no
ac_cv_func_clock_gettime=yes
ac_cv_func_cpuset_setaffinity=no
ac_cv_func_daemon=yes
ac_cv_func_getline=yes
ac_cv_func_sched_setaffinity=yes
ac_cv_func_sendfile=yes
ac_cv_header_dlfcn_h=yes
ac_cv_header_endian_h=yes
ac_cv_header_inttypes_h=yes
ac_cv_header_linux_tcp_h=yes
ac_cv_header_netinet_sctp_h=no
ac_cv_header_poll_h=yes
ac_cv_header_stdint_h=yes
ac_cv_header_stdio_h=yes
ac_cv_header_stdlib_h=yes
ac_cv_header_string_h=yes
ac_cv_header_strings_h=yes
ac_cv_header_sys_socket_h=yes
ac_cv_header_sys_stat_h=yes
ac_cv_header_sys_types_h=yes
ac_cv_header_unistd_h=yes
ac_cv_host=x86_64-pc-linux-gnu
ac_cv_member_struct_tcp_info_tcpi_snd_wnd=no
ac_cv_objext=o
ac_cv_path_EGREP='/bin/grep -E'
ac_cv_path_FGREP='/bin/grep -F'
ac_cv_path_GREP=/bin/grep
ac_cv_path_SED=/bin/sed
ac_cv_path_install='/bin/install -c'
ac_cv_path_lt_DD=/bin/dd
ac_cv_path_mkdir=/bin/mkdir
ac_cv_prog_AWK=gawk
ac_cv_prog_ac_ct_AR=ar
ac_cv_prog_ac_ct_CC=gcc
ac_cv_prog_ac_ct_FILECMD=file
ac_cv_prog_ac_ct_OBJDUMP=objdump
ac_cv_prog_ac_ct_PKG_CONFIG=pkg-config
ac_cv_prog_ac_ct_RANLIB=ranlib
ac_cv_prog_ac_ct_STRIP=strip
ac_cv_prog_cc_c11=-std=gnu11
ac_cv_prog_cc_g=yes
ac_cv_prog_cc_stdc=-std=gnu11
ac_cv_prog_make_make_set=yes
ac_cv_search_clock_gettime='none required'
ac_cv_search_floor=-lm
ac_cv_search_inet_ntop='none required'
ac_cv_search_socket='none required'
am_cv_CC_dependencies_compiler_type=gcc3
am_cv_make_support_nested_variables=yes
am_cv_prog_cc_c_o=yes
iperf3_cv_header_dontfragment=yes
iperf3_cv_header_flowlabel=yes
iperf3_cv_header_ip_dontfrag=no
iperf3_cv_header_ip_dontfragment=no
iperf3_cv_header_ip_mtu_discover=yes
iperf3_cv_header_so_bindtodevice=yes
iperf3_cv_header_so_max_pacing_rate=yes
iperf3_cv_header_tcp_congestion=yes
iperf3_cv_header_tcp_info_snd_wnd=no
iperf3_cv_header_tcp_user_timeout=yes
lt_cv_ar_at_file=@
lt_cv_archive_cmds_need_lc=no
lt_cv_deplibs_check_method=pass_all
lt_cv_file_magic_cmd='$MAGIC_CMD'
lt_cv_file_magic_test_file=
lt_cv_ld_reload_flag=-r
lt_cv_nm_interface='BSD nm'
lt_cv_objdir=.libs
lt_cv_path_LD=/bin/ld
lt_cv_path_NM='/bin/nm -B'
lt_cv_path_mainfest_tool=no
lt_cv_prog_compiler_c_o=yes
lt_cv_prog_compiler_pic='-fPIC -DPIC'
lt_cv_prog_compiler_pic_works=yes
lt_cv_prog_compiler_rtti_exceptions=no
lt_cv_prog_compiler_static_works=no
lt_cv_prog_gnu_ld=yes
lt_cv_sharedlib_from_linklib_cmd='printf %s\n'
lt_cv_shlibpath_overrides_runpath=no
lt_cv_sys_global_symbol_pipe='/bin/sed -n -e '\''s/^.*[	 ]\([ABCDGIRSTW][ABCDGIRSTW]*\)[	 ][	 ]*\([_A-Za-z][_A-Za-z0-9]*\)$/\1 \2 \2/p'\'' | /bin/sed '\''/ __gnu_lto/d'\'''
lt_cv_sys_global_symbol_to_c_name_address='/bin/sed -n -e '\''s/^: \(.*\) .*$/  {"\1", (void *) 0},/p'\'' -e '\''s/^[ABCDGIRSTW][ABCDGIRSTW]* .* \(.*\)$/  {"\1", (void *) \&\1},/p'\'''
lt_cv_sys_global_symbol_to_c_name_address_lib_prefix='/bin/sed -n -e '\''s/^: \(.*\) .*$/  {"\1", (void *) 0},/p'\'' -e '\''s/^[ABCDGIRSTW][ABCDGIRSTW]* .* \(lib.*\)$/  {"\1", (void *) \&\1},/p'\'' -e '\''s/^[ABCDGIRSTW][ABCDGIRSTW]* .* \(.*\)$/  {"lib\1", (void *) \&\1},/p'\'''
lt_cv_sys_global_symbol_to_cdecl='/bin/sed -n -e '\''s/^T .* \(.*\)$/extern int \1();/p'\'' -e '\''s/^[ABCDGIRSTW][ABCDGIRSTW]* .* \(.*\)$/extern char \1;/p'\'''
lt_cv_sys_global_symbol_to_import=
lt_cv_sys_max_cmd_len=1572864
lt_cv_to_host_file_cmd=func_convert_file_noop
lt_cv_to_tool_file_cmd=func_convert_file_noop
lt_cv_truncate_bin='/bin/dd bs=4096 count=1'

## ----------------- ##
## Output variables. ##
## ----------------- ##

ACLOCAL='${SHELL} '\''/home/centos/feh_workspace/firesim-sIOPMP/target-design/chipyard/software/firemarshal/boards/firechip/base-workloads/br-base/penglai_rootfs/home/root/iperf/config/missing'\'' aclocal-1.16'
AMDEPBACKSLASH='\'
AMDEP_FALSE='#'
AMDEP_TRUE=''
AMTAR='$${TAR-tar}'
AM_BACKSLASH='\'
AM_DEFAULT_V='$(AM_DEFAULT_VERBOSITY)'
AM_DEFAULT_VERBOSITY='0'
AM_V='$(V)'
AR='ar'
AUTOCONF='${SHELL} '\''/home/centos/feh_workspace/firesim-sIOPMP/target-design/chipyard/software/firemarshal/boards/firechip/base-workloads/br-base/penglai_rootfs/home/root/iperf/config/missing'\'' autoconf'
AUTOHEADER='${SHELL} '\''/home/centos/feh_workspace/firesim-sIOPMP/target-design/chipyard/software/firemarshal/boards/firechip/base-workloads/br-base/penglai_rootfs/home/root/iperf/config/missing'\'' autoheader'
AUTOMAKE='${SHELL} '\''/home/centos/feh_workspace/firesim-sIOPMP/target-design/chipyard/software/firemarshal/boards/firechip/base-workloads/br-base/penglai_rootfs/home/root/iperf/config/missing'\'' automake-1.16'
AWK='gawk'
CC='gcc -std=gnu11'
CCDEPMODE='depmode=gcc3'
CFLAGS='-g -O2 -Wall'
CPPFLAGS=' '
CSCOPE='cscope'
CTAGS='ctags'
CYGPATH_W='echo'
DEFS='-DHAVE_CONFIG_H'
DEPDIR='.deps'
DLLTOOL='false'
DSYMUTIL=''
DUMPBIN=''
ECHO_C=''
ECHO_N='-n'
ECHO_T=''
EGREP='/bin/grep -E'
ENABLE_PROFILING_FALSE=''
ENABLE_PROFILING_TRUE='#'
ENABLE_STATIC_BIN_FALSE=''
ENABLE_STATIC_BIN_TRUE='#'
ETAGS='etags'
EXEEXT=''
FGREP='/bin/grep -F'
FILECMD='file'
GREP='/bin/grep'
INSTALL_DATA='${INSTALL} -m 644'
INSTALL_PROGRAM='${INSTALL}'
INSTALL_SCRIPT='${INSTALL}'
INSTALL_STRIP_PROGRAM='$(install_sh) -c -s'
LD='/bin/ld -m elf_x86_64'
LDFLAGS=' '
LIBOBJS=''
LIBS=' -lm '
LIBTOOL='$(SHELL) $(top_builddir)/libtool'
LIPO=''
LN_S='ln -s'
LTLIBOBJS=''
LT_SYS_LIBRARY_PATH=''
MAINT='#'
MAINTAINER_MODE_FALSE=''
MAINTAINER_MODE_TRUE='#'
MAKEINFO='${SHELL} '\''/home/centos/feh_workspace/firesim-sIOPMP/target-design/chipyard/software/firemarshal/boards/firechip/base-workloads/br-base/penglai_rootfs/home/root/iperf/config/missing'\'' makeinfo'
MANIFEST_TOOL=':'
MKDIR_P='/bin/mkdir -p'
NM='/bin/nm -B'
NMEDIT=''
OBJDUMP='objdump'
OBJEXT='o'
OPENSSL_INCLUDES=''
OPENSSL_LDFLAGS=''
OPENSSL_LIBS=''
OTOOL64=''
OTOOL=''
PACKAGE='iperf'
PACKAGE_BUGREPORT='https://github.com/esnet/iperf'
PACKAGE_NAME='iperf'
PACKAGE_STRING='iperf 3.13'
PACKAGE_TARNAME='iperf'
PACKAGE_URL='https://software.es.net/iperf/'
PACKAGE_VERSION='3.13'
PATH_SEPARATOR=':'
PKG_CONFIG='pkg-config'
RANLIB='ranlib'
SED='/bin/sed'
SET_MAKE=''
SHELL='/bin/bash'
STRIP='strip'
VERSION='3.13'
ac_ct_AR='ar'
ac_ct_CC='gcc'
ac_ct_DUMPBIN=''
am__EXEEXT_FALSE=''
am__EXEEXT_TRUE='#'
am__fastdepCC_FALSE='#'
am__fastdepCC_TRUE=''
am__include='include'
am__isrc=''
am__leading_dot='.'
am__nodep='_no'
am__quote=''
am__tar='$${TAR-tar} chof - "$$tardir"'
am__untar='$${TAR-tar} xf -'
bindir='${exec_prefix}/bin'
build='x86_64-pc-linux-gnu'
build_alias=''
build_cpu='x86_64'
build_os='linux-gnu'
build_vendor='pc'
datadir='${datarootdir}'
datarootdir='${prefix}/share'
docdir='${datarootdir}/doc/${PACKAGE_TARNAME}'
dvidir='${docdir}'
exec_prefix='${prefix}'
host='x86_64-pc-linux-gnu'
host_alias=''
host_cpu='x86_64'
host_os='linux-gnu'
host_vendor='pc'
htmldir='${docdir}'
includedir='${prefix}/include'
infodir='${datarootdir}/info'
install_sh='${SHELL} /home/centos/feh_workspace/firesim-sIOPMP/target-design/chipyard/software/firemarshal/boards/firechip/base-workloads/br-base/penglai_rootfs/home/root/iperf/config/install-sh'
libdir='${exec_prefix}/lib'
libexecdir='${exec_prefix}/libexec'
localedir='${datarootdir}/locale'
localstatedir='${prefix}/var'
mandir='${datarootdir}/man'
mkdir_p='$(MKDIR_P)'
oldincludedir='/usr/include'
pdfdir='${docdir}'
prefix='/usr/local'
program_transform_name='s,x,x,'
psdir='${docdir}'
runstatedir='${localstatedir}/run'
sbindir='${exec_prefix}/sbin'
sharedstatedir='${prefix}/com'
sysconfdir='${prefix}/etc'
target_alias=''

## ----------- ##
## confdefs.h. ##
## ----------- ##

/* confdefs.h */
#define PACKAGE_NAME "iperf"
#define PACKAGE_TARNAME "iperf"
#define PACKAGE_VERSION "3.13"
#define PACKAGE_STRING "iperf 3.13"
#define PACKAGE_BUGREPORT "https://github.com/esnet/iperf"
#define PACKAGE_URL "https://software.es.net/iperf/"
#define PACKAGE "iperf"
#define VERSION "3.13"
#define HAVE_STDIO_H 1
#define HAVE_STDLIB_H 1
#define HAVE_STRING_H 1
#define HAVE_INTTYPES_H 1
#define HAVE_STDINT_H 1
#define HAVE_STRINGS_H 1
#define HAVE_SYS_STAT_H 1
#define HAVE_SYS_TYPES_H 1
#define HAVE_UNISTD_H 1
#define STDC_HEADERS 1
#define HAVE_DLFCN_H 1
#define LT_OBJDIR ".libs/"
#define HAVE_POLL_H 1
#define HAVE_LINUX_TCP_H 1
#define HAVE_SYS_SOCKET_H 1
#define HAVE_ENDIAN_H 1
#define HAVE_TCP_CONGESTION 1
#define HAVE_TCP_USER_TIMEOUT 1
#define HAVE_FLOWLABEL 1
#define HAVE_SCHED_SETAFFINITY 1
#define HAVE_CPU_AFFINITY 1
#define HAVE_DAEMON 1
#define HAVE_SENDFILE 1
#define HAVE_GETLINE 1
#define HAVE_SO_MAX_PACING_RATE 1
#define HAVE_SO_BINDTODEVICE 1
#define HAVE_IP_MTU_DISCOVER 1
#define HAVE_DONT_FRAGMENT 1
#define HAVE_CLOCK_GETTIME 1

configure: exit 0

## ---------------------- ##
## Running config.status. ##
## ---------------------- ##

This file was extended by iperf config.status 3.13, which was
generated by GNU Autoconf 2.71.  Invocation command line was

  CONFIG_FILES    = 
  CONFIG_HEADERS  = 
  CONFIG_LINKS    = 
  CONFIG_COMMANDS = 
  $ ./config.status 

on ip-192-168-3-79.us-west-2.compute.internal

config.status:1121: creating Makefile
config.status:1121: creating src/Makefile
config.status:1121: creating src/version.h
config.status:1121: creating examples/Makefile
config.status:1121: creating iperf3.spec
config.status:1121: creating src/iperf_config.h
config.status:1350: executing depfiles commands
config.status:1427: cd src       && sed -e '/# am--include-marker/d' Makefile         | make -f - am--depfiles
make[1]: Entering directory '/home/centos/feh_workspace/firesim-sIOPMP/target-design/chipyard/software/firemarshal/boards/firechip/base-workloads/br-base/penglai_rootfs/home/root/iperf/src'
make[1]: Nothing to be done for 'am--depfiles'.
make[1]: Leaving directory '/home/centos/feh_workspace/firesim-sIOPMP/target-design/chipyard/software/firemarshal/boards/firechip/base-workloads/br-base/penglai_rootfs/home/root/iperf/src'
config.status:1432: $? = 0
config.status:1427: cd examples       && sed -e '/# am--include-marker/d' Makefile         | make -f - am--depfiles
make[1]: Entering directory '/home/centos/feh_workspace/firesim-sIOPMP/target-design/chipyard/software/firemarshal/boards/firechip/base-workloads/br-base/penglai_rootfs/home/root/iperf/examples'
make[1]: Nothing to be done for 'am--depfiles'.
make[1]: Leaving directory '/home/centos/feh_workspace/firesim-sIOPMP/target-design/chipyard/software/firemarshal/boards/firechip/base-workloads/br-base/penglai_rootfs/home/root/iperf/examples'
config.status:1432: $? = 0
config.status:1350: executing libtool commands
